<?xml version="1.0" encoding="UTF-8"?>
<testng-results total="5" passed="5" failed="0" skipped="0">
  <reporter-output>
  </reporter-output>
  <suite started-at="2018-12-26T09:18:25Z" name="Default suite" finished-at="2018-12-26T09:20:04Z" duration-ms="98462">
    <groups>
    </groups>
    <test started-at="2018-12-26T09:18:25Z" name="Default test" finished-at="2018-12-26T09:20:04Z" duration-ms="98462">
      <class name="Dotballtest.dotBallTestClass">
        <test-method is-config="true" signature="browserLaunch()[pri:0, instance:Dotballtest.dotBallTestClass@69453e37]" started-at="2018-12-26T14:48:25Z" name="browserLaunch" finished-at="2018-12-26T14:48:41Z" duration-ms="15093" status="PASS">
          <reporter-output>
          </reporter-output>
        </test-method> <!-- browserLaunch -->
        <test-method signature="userAbleToSignUpDBApp()[pri:0, instance:Dotballtest.dotBallTestClass@69453e37]" started-at="2018-12-26T14:48:41Z" name="userAbleToSignUpDBApp" finished-at="2018-12-26T14:48:50Z" duration-ms="9199" status="PASS">
          <reporter-output>
          </reporter-output>
        </test-method> <!-- userAbleToSignUpDBApp -->
        <test-method signature="profileNameValidation()[pri:0, instance:Dotballtest.dotBallTestClass@69453e37]" started-at="2018-12-26T14:48:50Z" name="profileNameValidation" finished-at="2018-12-26T14:48:52Z" duration-ms="2558" status="PASS">
          <reporter-output>
          </reporter-output>
        </test-method> <!-- profileNameValidation -->
        <test-method signature="userAbleToLogin()[pri:0, instance:Dotballtest.dotBallTestClass@69453e37]" started-at="2018-12-26T14:48:52Z" name="userAbleToLogin" finished-at="2018-12-26T14:49:14Z" duration-ms="21876" status="PASS">
          <reporter-output>
          </reporter-output>
        </test-method> <!-- userAbleToLogin -->
        <test-method signature="createTeam()[pri:0, instance:Dotballtest.dotBallTestClass@69453e37]" started-at="2018-12-26T14:49:14Z" name="createTeam" finished-at="2018-12-26T14:49:24Z" duration-ms="9551" status="PASS">
          <reporter-output>
          </reporter-output>
        </test-method> <!-- createTeam -->
        <test-method signature="UserJoinContest()[pri:0, instance:Dotballtest.dotBallTestClass@69453e37]" started-at="2018-12-26T14:49:24Z" name="UserJoinContest" finished-at="2018-12-26T14:50:04Z" duration-ms="40133" status="PASS">
          <reporter-output>
          </reporter-output>
        </test-method> <!-- UserJoinContest -->
      </class> <!-- Dotballtest.dotBallTestClass -->
    </test> <!-- Default test -->
  </suite> <!-- Default suite -->
</testng-results>
